This is pdfTeX, Version 3.141592653-2.6-1.40.24 (MiKTeX 21.12 32-bit) (preloaded format=pdflatex 2022.2.24)  26 NOV 2022 12:59
entering extended mode
 restricted \write18 enabled.
 file:line:error style messages enabled.
 %&-line parsing enabled.
**"c:/Users/Uporabnik/Documents/FMF/3. letnik/Finan훾ni praktikum/OR_projekt/FP_projekt/Bitonic-TSP/kratko_poro훾ilo/porocilo.tex"
(c:/Users/Uporabnik/Documents/FMF/3. letnik/Finan훾ni praktikum/OR_projekt/FP_projekt/Bitonic-TSP/kratko_poro훾ilo/porocilo.tex
LaTeX2e <2021-11-15> patch level 1
L3 programming layer <2021-11-22> (C:\Users\Uporabnik\Igre in ostali programi\Ostalo\MikTex\tex/latex/amscls\amsart.cls
Document Class: amsart 2020/05/29 v2.20.6
\linespacing=\dimen138
\normalparindent=\dimen139
\normaltopskip=\skip47
(C:\Users\Uporabnik\Igre in ostali programi\Ostalo\MikTex\tex/latex/amsmath\amsmath.sty
Package: amsmath 2021/10/15 v2.17l AMS math features
\@mathmargin=\skip48

For additional information on amsmath, use the `?' option.
(C:\Users\Uporabnik\Igre in ostali programi\Ostalo\MikTex\tex/latex/amsmath\amstext.sty
Package: amstext 2021/08/26 v2.01 AMS text
 (C:\Users\Uporabnik\Igre in ostali programi\Ostalo\MikTex\tex/latex/amsmath\amsgen.sty
File: amsgen.sty 1999/11/30 v2.0 generic functions
\@emptytoks=\toks16
\ex@=\dimen140
)) (C:\Users\Uporabnik\Igre in ostali programi\Ostalo\MikTex\tex/latex/amsmath\amsbsy.sty
Package: amsbsy 1999/11/29 v1.2d Bold Symbols
\pmbraise@=\dimen141
) (C:\Users\Uporabnik\Igre in ostali programi\Ostalo\MikTex\tex/latex/amsmath\amsopn.sty
Package: amsopn 2021/08/26 v2.02 operator names
)
\inf@bad=\count183
LaTeX Info: Redefining \frac on input line 234.
\uproot@=\count184
\leftroot@=\count185
LaTeX Info: Redefining \overline on input line 399.
\classnum@=\count186
\DOTSCASE@=\count187
LaTeX Info: Redefining \ldots on input line 496.
LaTeX Info: Redefining \dots on input line 499.
LaTeX Info: Redefining \cdots on input line 620.
\Mathstrutbox@=\box50
\strutbox@=\box51
\big@size=\dimen142
LaTeX Font Info:    Redeclaring font encoding OML on input line 743.
LaTeX Font Info:    Redeclaring font encoding OMS on input line 744.
\macc@depth=\count188
\c@MaxMatrixCols=\count189
\dotsspace@=\muskip16
\c@parentequation=\count190
\dspbrk@lvl=\count191
\tag@help=\toks17
\row@=\count192
\column@=\count193
\maxfields@=\count194
\andhelp@=\toks18
\eqnshift@=\dimen143
\alignsep@=\dimen144
\tagshift@=\dimen145
\tagwidth@=\dimen146
\totwidth@=\dimen147
\lineht@=\dimen148
\@envbody=\toks19
\multlinegap=\skip49
\multlinetaggap=\skip50
\mathdisplay@stack=\toks20
LaTeX Info: Redefining \[ on input line 2938.
LaTeX Info: Redefining \] on input line 2939.
)
LaTeX Font Info:    Trying to load font information for U+msa on input line 397.
 (C:\Users\Uporabnik\Igre in ostali programi\Ostalo\MikTex\tex/latex/amsfonts\umsa.fd
File: umsa.fd 2013/01/14 v3.01 AMS symbols A
) (C:\Users\Uporabnik\Igre in ostali programi\Ostalo\MikTex\tex/latex/amsfonts\amsfonts.sty
Package: amsfonts 2013/01/14 v3.01 Basic AMSFonts support
\symAMSa=\mathgroup4
\symAMSb=\mathgroup5
LaTeX Font Info:    Redeclaring math symbol \hbar on input line 98.
LaTeX Font Info:    Overwriting math alphabet `\mathfrak' in version `bold'
(Font)                  U/euf/m/n --> U/euf/b/n on input line 106.
)
\copyins=\insert199
\abstractbox=\box52
\listisep=\skip51
\c@part=\count195
\c@section=\count196
\c@subsection=\count197
\c@subsubsection=\count198
\c@paragraph=\count266
\c@subparagraph=\count267
\c@figure=\count268
\c@table=\count269
\abovecaptionskip=\skip52
\belowcaptionskip=\skip53
\captionindent=\dimen149
\thm@style=\toks21
\thm@bodyfont=\toks22
\thm@headfont=\toks23
\thm@notefont=\toks24
\thm@headpunct=\toks25
\thm@preskip=\skip54
\thm@postskip=\skip55
\thm@headsep=\skip56
\dth@everypar=\toks26
) (C:\Users\Uporabnik\Igre in ostali programi\Ostalo\MikTex\tex/generic/babel\babel.sty
Package: babel 2021/11/29 3.67 The Babel package
\babel@savecnt=\count270
\U@D=\dimen150
\l@unhyphenated=\language79
 (C:\Users\Uporabnik\Igre in ostali programi\Ostalo\MikTex\tex/generic/babel\txtbabel.def)
\bbl@readstream=\read2
\bbl@dirlevel=\count271

*************************************
* Local config file bblopts.cfg used
*
(C:\Users\Uporabnik\Igre in ostali programi\Ostalo\MikTex\tex/latex/arabi\bblopts.cfg
File: bblopts.cfg 2005/09/08 v0.1 add Arabic and Farsi to "declared" options of babel
) (C:\Users\Uporabnik\Igre in ostali programi\Ostalo\MikTex\tex/latex/babel-slovenian\slovene.ldf
Language: slovene 2021/02/06 v1.2n Slovene support from the babel system
Package babel Info: Making " an active character on input line 79.
)) (C:\Users\Uporabnik\Igre in ostali programi\Ostalo\MikTex\tex/latex/base\inputenc.sty
Package: inputenc 2021/02/14 v1.3d Input encoding file
\inpenc@prehook=\toks27
\inpenc@posthook=\toks28
) (C:\Users\Uporabnik\Igre in ostali programi\Ostalo\MikTex\tex/latex/amsfonts\amssymb.sty
Package: amssymb 2013/01/14 v3.01 AMS font symbols
) (C:\Users\Uporabnik\Igre in ostali programi\Ostalo\MikTex\tex/latex/tools\bm.sty
Package: bm 2021/04/25 v1.2e Bold Symbol Support (DPC/FMi)
\symboldoperators=\mathgroup6
\symboldletters=\mathgroup7
\symboldsymbols=\mathgroup8
Package bm Info: No bold for \OMX/cmex/m/n, using \pmb.
Package bm Info: No bold for \U/msa/m/n, using \pmb.
Package bm Info: No bold for \U/msb/m/n, using \pmb.
LaTeX Font Info:    Redeclaring math alphabet \mathbf on input line 149.
) (C:\Users\Uporabnik\Igre in ostali programi\Ostalo\MikTex\tex/latex/url\url.sty
\Urlmuskip=\muskip17
Package: url 2013/09/16  ver 3.4  Verb mode for urls, etc.
) (C:\Users\Uporabnik\Igre in ostali programi\Ostalo\MikTex\tex/latex/graphics\graphicx.sty
Package: graphicx 2021/09/16 v1.2d Enhanced LaTeX Graphics (DPC,SPQR)
 (C:\Users\Uporabnik\Igre in ostali programi\Ostalo\MikTex\tex/latex/graphics\keyval.sty
Package: keyval 2014/10/28 v1.15 key=value parser (DPC)
\KV@toks@=\toks29
) (C:\Users\Uporabnik\Igre in ostali programi\Ostalo\MikTex\tex/latex/graphics\graphics.sty
Package: graphics 2021/03/04 v1.4d Standard LaTeX Graphics (DPC,SPQR)
 (C:\Users\Uporabnik\Igre in ostali programi\Ostalo\MikTex\tex/latex/graphics\trig.sty
Package: trig 2021/08/11 v1.11 sin cos tan (DPC)
) (C:\Users\Uporabnik\Igre in ostali programi\Ostalo\MikTex\tex/latex/graphics-cfg\graphics.cfg
File: graphics.cfg 2016/06/04 v1.11 sample graphics configuration
)
Package graphics Info: Driver file: pdftex.def on input line 107.
 (C:\Users\Uporabnik\Igre in ostali programi\Ostalo\MikTex\tex/latex/graphics-def\pdftex.def
File: pdftex.def 2020/10/05 v1.2a Graphics/color driver for pdftex
))
\Gin@req@height=\dimen151
\Gin@req@width=\dimen152
) (C:\Users\Uporabnik\Igre in ostali programi\Ostalo\MikTex\tex/latex/subfig\subfig.sty
Package: subfig 2005/06/28 ver: 1.3 subfig package
 (C:\Users\Uporabnik\Igre in ostali programi\Ostalo\MikTex\tex/latex/caption\caption.sty
Package: caption 2022/02/28 v3.6a Customizing captions (AR)
 (C:\Users\Uporabnik\Igre in ostali programi\Ostalo\MikTex\tex/latex/caption\caption3.sty
Package: caption3 2022/02/28 v2.3a caption3 kernel (AR)
\caption@tempdima=\dimen153
\captionmargin=\dimen154
\caption@leftmargin=\dimen155
\caption@rightmargin=\dimen156
\caption@width=\dimen157
\caption@indent=\dimen158
\caption@parindent=\dimen159
\caption@hangindent=\dimen160
Package caption Info: AMS or SMF document class detected.
 (C:\Users\Uporabnik\Igre in ostali programi\Ostalo\MikTex\tex/latex/caption\caption-ams-smf.sto
File: caption-ams-smf.sto 2020/08/22 v2.0 Adaption of the caption package to the AMS and SMF document classes (AR)
))
\c@caption@flags=\count272
\c@continuedfloat=\count273
)
\c@KVtest=\count274
\sf@farskip=\skip57
\sf@captopadj=\dimen161
\sf@capskip=\skip58
\sf@nearskip=\skip59
\c@subfigure=\count275
\c@subfigure@save=\count276
\c@lofdepth=\count277
\c@subtable=\count278
\c@subtable@save=\count279
\c@lotdepth=\count280
\sf@top=\skip60
\sf@bottom=\skip61
) (C:\Users\Uporabnik\Igre in ostali programi\Ostalo\MikTex\tex/latex/listings\listings.sty
\lst@mode=\count281
\lst@gtempboxa=\box53
\lst@token=\toks30
\lst@length=\count282
\lst@currlwidth=\dimen162
\lst@column=\count283
\lst@pos=\count284
\lst@lostspace=\dimen163
\lst@width=\dimen164
\lst@newlines=\count285
\lst@lineno=\count286
\lst@maxwidth=\dimen165
 (C:\Users\Uporabnik\Igre in ostali programi\Ostalo\MikTex\tex/latex/listings\lstmisc.sty
File: lstmisc.sty 2020/03/24 1.8d (Carsten Heinz)
\c@lstnumber=\count287
\lst@skipnumbers=\count288
\lst@framebox=\box54
) (C:\Users\Uporabnik\Igre in ostali programi\Ostalo\MikTex\tex/latex/listings\listings.cfg
File: listings.cfg 2020/03/24 1.8d listings configuration
))
Package: listings 2020/03/24 1.8d (Carsten Heinz)
\c@definicija=\count289
 (C:\Users\Uporabnik\Igre in ostali programi\Ostalo\MikTex\tex/latex/l3backend\l3backend-pdftex.def
File: l3backend-pdftex.def 2021-10-18 L3 backend support: PDF output (pdfTeX)
\l__color_backend_stack_int=\count290
\l__pdf_internal_box=\box55
) (porocilo.aux)
\openout1 = `porocilo.aux'.

LaTeX Font Info:    Checking defaults for OML/cmm/m/it on input line 36.
LaTeX Font Info:    ... okay on input line 36.
LaTeX Font Info:    Checking defaults for OMS/cmsy/m/n on input line 36.
LaTeX Font Info:    ... okay on input line 36.
LaTeX Font Info:    Checking defaults for OT1/cmr/m/n on input line 36.
LaTeX Font Info:    ... okay on input line 36.
LaTeX Font Info:    Checking defaults for T1/cmr/m/n on input line 36.
LaTeX Font Info:    ... okay on input line 36.
LaTeX Font Info:    Checking defaults for TS1/cmr/m/n on input line 36.
LaTeX Font Info:    ... okay on input line 36.
LaTeX Font Info:    Checking defaults for OMX/cmex/m/n on input line 36.
LaTeX Font Info:    ... okay on input line 36.
LaTeX Font Info:    Checking defaults for U/cmr/m/n on input line 36.
LaTeX Font Info:    ... okay on input line 36.
LaTeX Font Info:    Trying to load font information for U+msa on input line 36.
 (C:\Users\Uporabnik\Igre in ostali programi\Ostalo\MikTex\tex/latex/amsfonts\umsa.fd
File: umsa.fd 2013/01/14 v3.01 AMS symbols A
)
LaTeX Font Info:    Trying to load font information for U+msb on input line 36.
 (C:\Users\Uporabnik\Igre in ostali programi\Ostalo\MikTex\tex/latex/amsfonts\umsb.fd
File: umsb.fd 2013/01/14 v3.01 AMS symbols B
) (C:\Users\Uporabnik\Igre in ostali programi\Ostalo\MikTex\tex/context/base/mkii\supp-pdf.mkii
[Loading MPS to PDF converter (version 2006.09.02).]
\scratchcounter=\count291
\scratchdimen=\dimen166
\scratchbox=\box56
\nofMPsegments=\count292
\nofMParguments=\count293
\everyMPshowfont=\toks31
\MPscratchCnt=\count294
\MPscratchDim=\dimen167
\MPnumerator=\count295
\makeMPintoPDFobject=\count296
\everyMPtoPDFconversion=\toks32
) (C:\Users\Uporabnik\Igre in ostali programi\Ostalo\MikTex\tex/latex/epstopdf-pkg\epstopdf-base.sty
Package: epstopdf-base 2020-01-24 v2.11 Base part for package epstopdf
Package epstopdf-base Info: Redefining graphics rule for `.eps' on input line 485.
 (C:\Users\Uporabnik\Igre in ostali programi\Ostalo\MikTex\tex/latex/00miktex\epstopdf-sys.cfg
File: epstopdf-sys.cfg 2021/03/18 v2.0 Configuration of epstopdf for MiKTeX
))
Package caption Info: Begin \AtBeginDocument code.
Package caption Info: subfig package v1.3 is loaded.
Package caption Info: listings package is loaded.
Package caption Info: End \AtBeginDocument code.
\c@lstlisting=\count297
 [1{C:/Users/Uporabnik/AppData/Local/MiKTeX/fonts/map/pdftex/pdftex.map}]
Underfull \hbox (badness 10000) in paragraph at lines 61--65

 []


Underfull \hbox (badness 10000) in paragraph at lines 66--71

 []


Underfull \hbox (badness 10000) in paragraph at lines 72--78

 []

<Slike grafov/graf1.png, id=7, 327.55933pt x 218.42677pt>
File: Slike grafov/graf1.png Graphic file (type png)
<use Slike grafov/graf1.png>
Package pdftex.def Info: Slike grafov/graf1.png  used on input line 94.
(pdftex.def)             Requested size: 196.32384pt x 130.91708pt.
<Slike grafov/graf2.png, id=9, 327.55933pt x 218.42677pt>
File: Slike grafov/graf2.png Graphic file (type png)
<use Slike grafov/graf2.png>
Package pdftex.def Info: Slike grafov/graf2.png  used on input line 96.
(pdftex.def)             Requested size: 196.32384pt x 130.91708pt.

Underfull \hbox (badness 10000) in paragraph at lines 108--113

 []

[2 <./Slike grafov/graf1.png> <./Slike grafov/graf2.png>]
Underfull \hbox (badness 10000) in paragraph at lines 114--121

 []


Underfull \hbox (badness 10000) in paragraph at lines 122--126

 []

<Slike grafov/graf3.png, id=24, 327.55933pt x 218.2651pt>
File: Slike grafov/graf3.png Graphic file (type png)
<use Slike grafov/graf3.png>
Package pdftex.def Info: Slike grafov/graf3.png  used on input line 133.
(pdftex.def)             Requested size: 196.32384pt x 130.82019pt.
<Slike grafov/graf4.png, id=25, 327.55933pt x 218.2651pt>
File: Slike grafov/graf4.png Graphic file (type png)
<use Slike grafov/graf4.png>
Package pdftex.def Info: Slike grafov/graf4.png  used on input line 135.
(pdftex.def)             Requested size: 196.32384pt x 130.82019pt.

Underfull \hbox (badness 10000) in paragraph at lines 141--145

 []

<Slike grafov/graf5.png, id=26, 327.55933pt x 218.2651pt>
File: Slike grafov/graf5.png Graphic file (type png)
<use Slike grafov/graf5.png>
Package pdftex.def Info: Slike grafov/graf5.png  used on input line 148.
(pdftex.def)             Requested size: 196.32384pt x 130.82019pt.
<Slike grafov/graf6.png, id=27, 327.55933pt x 218.2651pt>
File: Slike grafov/graf6.png Graphic file (type png)
<use Slike grafov/graf6.png>
Package pdftex.def Info: Slike grafov/graf6.png  used on input line 150.
(pdftex.def)             Requested size: 196.32384pt x 130.82019pt.

Underfull \hbox (badness 10000) in paragraph at lines 155--160

 []

[3 <./Slike grafov/graf3.png> <./Slike grafov/graf4.png> <./Slike grafov/graf5.png> <./Slike grafov/graf6.png>]
Underfull \hbox (badness 10000) in paragraph at lines 161--165

 []


Underfull \hbox (badness 10000) in paragraph at lines 190--192

 []


Underfull \hbox (badness 10000) in paragraph at lines 197--202

 []


Underfull \hbox (badness 10000) in paragraph at lines 203--209

 []


Underfull \hbox (badness 10000) in paragraph at lines 212--216

 []

(C:\Users\Uporabnik\Igre in ostali programi\Ostalo\MikTex\tex/latex/listings\lstlang1.sty
File: lstlang1.sty 2020/03/24 1.8d listings language file
)
Underfull \hbox (badness 10000) in paragraph at lines 237--244

 []

[4]
Underfull \hbox (badness 10000) in paragraph at lines 245--250

 []

[5] (porocilo.aux) ) 
Here is how much of TeX's memory you used:
 7979 strings out of 478659
 123971 string characters out of 2840222
 631484 words of memory out of 3000000
 25837 multiletter control sequences out of 15000+600000
 417611 words of font info for 79 fonts, out of 8000000 for 9000
 1302 hyphenation exceptions out of 8191
 69i,12n,79p,411b,1646s stack positions out of 5000i,500n,10000p,200000b,80000s
 <C:\Users\Uporabnik\AppData\Local\MiKTeX\fonts/pk/ljfour/jknappen/ec/dpi600\tcrm0800.pk><C:/Users/Uporabnik/Igre in ostali programi/Ostalo/MikTex/fonts/type1/public/amsfonts/cm/cmbsy10.pfb><C:/Users/Uporabnik/Igre in ostali programi/Ostalo/MikTex/fonts/type1/public/amsfonts/cm/cmbx12.pfb><C:/Users/Uporabnik/Igre in ostali programi/Ostalo/MikTex/fonts/type1/public/amsfonts/cm/cmbx8.pfb><C:/Users/Uporabnik/Igre in ostali programi/Ostalo/MikTex/fonts/type1/public/amsfonts/cm/cmcsc10.pfb><C:/Users/Uporabnik/Igre in ostali programi/Ostalo/MikTex/fonts/type1/public/amsfonts/cm/cmex10.pfb><C:/Users/Uporabnik/Igre in ostali programi/Ostalo/MikTex/fonts/type1/public/amsfonts/cm/cmmi10.pfb><C:/Users/Uporabnik/Igre in ostali programi/Ostalo/MikTex/fonts/type1/public/amsfonts/cm/cmmi12.pfb><C:/Users/Uporabnik/Igre in ostali programi/Ostalo/MikTex/fonts/type1/public/amsfonts/cm/cmmi7.pfb><C:/Users/Uporabnik/Igre in ostali programi/Ostalo/MikTex/fonts/type1/public/amsfonts/cm/cmmi8.pfb><C:/Users/Uporabnik/Igre in ostali programi/Ostalo/MikTex/fonts/type1/public/amsfonts/cm/cmmib10.pfb><C:/Users/Uporabnik/Igre in ostali programi/Ostalo/MikTex/fonts/type1/public/amsfonts/cm/cmr10.pfb><C:/Users/Uporabnik/Igre in ostali programi/Ostalo/MikTex/fonts/type1/public/amsfonts/cm/cmr12.pfb><C:/Users/Uporabnik/Igre in ostali programi/Ostalo/MikTex/fonts/type1/public/amsfonts/cm/cmr7.pfb><C:/Users/Uporabnik/Igre in ostali programi/Ostalo/MikTex/fonts/type1/public/amsfonts/cm/cmr8.pfb><C:/Users/Uporabnik/Igre in ostali programi/Ostalo/MikTex/fonts/type1/public/amsfonts/cm/cmr9.pfb><C:/Users/Uporabnik/Igre in ostali programi/Ostalo/MikTex/fonts/type1/public/amsfonts/cm/cmsy10.pfb><C:/Users/Uporabnik/Igre in ostali programi/Ostalo/MikTex/fonts/type1/public/amsfonts/cm/cmsy8.pfb><C:/Users/Uporabnik/Igre in ostali programi/Ostalo/MikTex/fonts/type1/public/amsfonts/cm/cmtt12.pfb><C:/Users/Uporabnik/Igre in ostali programi/Ostalo/MikTex/fonts/type1/public/amsfonts/symbols/msbm10.pfb>
Output written on porocilo.pdf (5 pages, 662401 bytes).
PDF statistics:
 131 PDF objects out of 1000 (max. 8388607)
 0 named destinations out of 1000 (max. 500000)
 31 words of extra memory for PDF output out of 10000 (max. 10000000)

